2019-03-14 21:55:20 INFO  root:15 - Equipment with max power - Microwave:firmName=Atlant, price=250.0, power=1500, working=false, volume=17.5, touchControl=true

2019-03-14 21:55:20 INFO  root:15 - Equipment with max price - Tv:firmName=Sumsung, price=1200.0, power=800, working=true, sizeDisplay=52, TypeTV=ZALA

2019-03-14 21:55:20 INFO  root:15 - Equipment with min price - Kettle:firmName=Tefal, price=50.0, power=800, working=true, volume=1.8, minWaterLevel=0.3

2019-03-14 21:55:20 INFO  root:15 - Equipment with firm name: LG - Computer:firmName=LG, price=1000.0, power=500, working=true, sizeDisplay=22, ram=1024

2019-03-14 21:55:20 INFO  root:15 - General power - 5300

2019-03-14 22:26:11 INFO  root:15 - the end of method - findMaxPower
2019-03-14 22:26:11 INFO  root:15 - method - getArray - work with Array
2019-03-14 22:26:11 INFO  root:15 - method - getArray - work with Array
2019-03-14 22:26:11 INFO  root:15 - Equipment with max power - Microwave:firmName=Atlant, price=250.0, power=1500, working=false, volume=17.5, touchControl=true

2019-03-14 22:26:11 INFO  root:15 - the end of method - findMaxPrice
2019-03-14 22:26:11 INFO  root:15 - method - getArray - work with Array
2019-03-14 22:26:11 INFO  root:15 - method - getArray - work with Array
2019-03-14 22:26:11 INFO  root:15 - Equipment with max price - Tv:firmName=Sumsung, price=1200.0, power=800, working=true, sizeDisplay=52, TypeTV=ZALA

2019-03-14 22:26:11 INFO  root:15 - the end of method - findMinPrice
2019-03-14 22:26:11 INFO  root:15 - method - getArray - work with Array
2019-03-14 22:26:11 INFO  root:15 - method - getArray - work with Array
2019-03-14 22:26:11 INFO  root:15 - Equipment with min price - Kettle:firmName=Tefal, price=50.0, power=800, working=true, volume=1.8, minWaterLevel=0.3

2019-03-14 22:26:11 INFO  root:15 - the end of method - findFirmName
2019-03-14 22:26:11 INFO  root:15 - method - getArray - work with Array
2019-03-14 22:26:11 INFO  root:15 - Equipment with firm name: LG - Computer:firmName=LG, price=1000.0, power=500, working=true, sizeDisplay=22, ram=1024

2019-03-14 22:26:11 INFO  root:15 - method - getArray - work with Array
2019-03-14 22:26:11 INFO  root:15 - loop iteration in method - calcSumPower
2019-03-14 22:26:11 INFO  root:15 - loop iteration in method - calcSumPower
2019-03-14 22:26:11 INFO  root:15 - loop iteration in method - calcSumPower
2019-03-14 22:26:11 INFO  root:15 - loop iteration in method - calcSumPower
2019-03-14 22:26:11 INFO  root:15 - loop iteration in method - calcSumPower
2019-03-14 22:26:11 INFO  root:15 - loop iteration in method - calcSumPower
2019-03-14 22:26:11 INFO  root:15 - loop iteration in method - calcSumPower
2019-03-14 22:26:11 INFO  root:15 - the end of method - calcSumPower
2019-03-14 22:26:11 INFO  root:15 - General power - 5300

2019-03-14 22:26:11 INFO  root:15 - method - sortPricePowerEquipment - work with Array
2019-03-14 22:26:11 INFO  root:15 - method - sortPowerEquipment - work with Array
2019-03-15 12:47:10 INFO  root:15 - the end of method - findMaxPower
2019-03-15 12:47:10 INFO  root:15 - method - getArray - work with Array
2019-03-15 12:47:10 INFO  root:15 - method - getArray - work with Array
2019-03-15 12:47:10 INFO  root:15 - Equipment with max power - Microwave:firmName=Atlant, price=250.0, power=1500, working=false, volume=17.5, touchControl=true

2019-03-15 12:47:10 INFO  root:15 - the end of method - findMaxPrice
2019-03-15 12:47:10 INFO  root:15 - method - getArray - work with Array
2019-03-15 12:47:10 INFO  root:15 - method - getArray - work with Array
2019-03-15 12:47:10 INFO  root:15 - Equipment with max price - Tv:firmName=Sumsung, price=1200.0, power=800, working=true, sizeDisplay=52, TypeTV=ZALA

2019-03-15 12:47:10 INFO  root:15 - the end of method - findMinPrice
2019-03-15 12:47:10 INFO  root:15 - method - getArray - work with Array
2019-03-15 12:47:10 INFO  root:15 - method - getArray - work with Array
2019-03-15 12:47:10 INFO  root:15 - Equipment with min price - Kettle:firmName=Tefal, price=50.0, power=800, working=true, volume=1.8, minWaterLevel=0.3

2019-03-15 12:47:10 INFO  root:15 - the end of method - findFirmName
2019-03-15 12:47:10 INFO  root:15 - method - getArray - work with Array
2019-03-15 12:47:10 INFO  root:15 - Equipment with firm name: LG - Computer:firmName=LG, price=1000.0, power=500, working=true, sizeDisplay=22, ram=1024

2019-03-15 12:47:10 INFO  root:15 - method - getArray - work with Array
2019-03-15 12:47:10 INFO  root:15 - loop iteration in method - calcSumPower
2019-03-15 12:47:10 INFO  root:15 - loop iteration in method - calcSumPower
2019-03-15 12:47:10 INFO  root:15 - loop iteration in method - calcSumPower
2019-03-15 12:47:10 INFO  root:15 - loop iteration in method - calcSumPower
2019-03-15 12:47:10 INFO  root:15 - loop iteration in method - calcSumPower
2019-03-15 12:47:10 INFO  root:15 - loop iteration in method - calcSumPower
2019-03-15 12:47:10 INFO  root:15 - loop iteration in method - calcSumPower
2019-03-15 12:47:10 INFO  root:15 - the end of method - calcSumPower
2019-03-15 12:47:10 INFO  root:15 - General power - 5300

2019-03-15 12:47:10 INFO  root:15 - method - sortPricePowerEquipment - work with Array
2019-03-15 12:47:10 INFO  root:15 - method - sortPowerEquipment - work with Array
2019-03-15 12:52:15 INFO  root:15 - the end of method - findMaxPower
2019-03-15 12:52:15 INFO  root:15 - method - getArray - work with Array
2019-03-15 12:52:15 INFO  root:15 - method - getArray - work with Array
2019-03-15 12:52:15 INFO  root:15 - Equipment with max power - Microwave:firmName=Atlant, price=250.0, power=1500, working=false, volume=17.5, touchControl=true

2019-03-15 12:52:15 INFO  root:15 - the end of method - findMaxPrice
2019-03-15 12:52:15 INFO  root:15 - method - getArray - work with Array
2019-03-15 12:52:15 INFO  root:15 - method - getArray - work with Array
2019-03-15 12:52:15 INFO  root:15 - Equipment with max price - Tv:firmName=Sumsung, price=1200.0, power=800, working=true, sizeDisplay=52, TypeTV=ZALA

2019-03-15 12:52:15 INFO  root:15 - the end of method - findMinPrice
2019-03-15 12:52:15 INFO  root:15 - method - getArray - work with Array
2019-03-15 12:52:15 INFO  root:15 - method - getArray - work with Array
2019-03-15 12:52:15 INFO  root:15 - Equipment with min price - Kettle:firmName=Tefal, price=50.0, power=800, working=true, volume=1.8, minWaterLevel=0.3

2019-03-15 12:52:15 INFO  root:15 - the end of method - findFirmName
2019-03-15 12:52:15 INFO  root:15 - method - getArray - work with Array
2019-03-15 12:52:15 INFO  root:15 - Equipment with firm name: LG - Computer:firmName=LG, price=1000.0, power=500, working=true, sizeDisplay=22, ram=1024

2019-03-15 12:52:15 INFO  root:15 - method - getArray - work with Array
2019-03-15 12:52:15 INFO  root:15 - loop iteration in method - calcSumPower
2019-03-15 12:52:15 INFO  root:15 - loop iteration in method - calcSumPower
2019-03-15 12:52:15 INFO  root:15 - loop iteration in method - calcSumPower
2019-03-15 12:52:15 INFO  root:15 - loop iteration in method - calcSumPower
2019-03-15 12:52:15 INFO  root:15 - loop iteration in method - calcSumPower
2019-03-15 12:52:15 INFO  root:15 - loop iteration in method - calcSumPower
2019-03-15 12:52:15 INFO  root:15 - loop iteration in method - calcSumPower
2019-03-15 12:52:15 INFO  root:15 - loop iteration in method - calcSumPower
2019-03-15 12:52:15 INFO  root:15 - loop iteration in method - calcSumPower
2019-03-15 12:52:15 INFO  root:15 - loop iteration in method - calcSumPower
2019-03-15 12:52:15 INFO  root:15 - loop iteration in method - calcSumPower
2019-03-15 12:52:15 INFO  root:15 - loop iteration in method - calcSumPower
2019-03-15 12:52:15 INFO  root:15 - loop iteration in method - calcSumPower
2019-03-15 12:52:15 INFO  root:15 - loop iteration in method - calcSumPower
2019-03-15 12:52:15 INFO  root:15 - the end of method - calcSumPower
2019-03-15 12:52:15 INFO  root:15 - General power - 10600

2019-03-15 12:52:15 INFO  root:15 - method - sortPricePowerEquipment - work with Array
2019-03-15 12:52:15 INFO  root:15 - method - sortPowerEquipment - work with Array
2019-03-15 12:54:35 INFO  root:15 - the end of method - findMaxPower
2019-03-15 12:54:35 INFO  root:15 - method - getArray - work with Array
2019-03-15 12:54:35 INFO  root:15 - method - getArray - work with Array
2019-03-15 12:54:35 INFO  root:15 - Equipment with max power - Microwave:firmName=Atlant, price=250.0, power=1500, working=false, volume=17.5, touchControl=true

2019-03-15 12:54:35 INFO  root:15 - the end of method - findMaxPrice
2019-03-15 12:54:35 INFO  root:15 - method - getArray - work with Array
2019-03-15 12:54:35 INFO  root:15 - method - getArray - work with Array
2019-03-15 12:54:35 INFO  root:15 - Equipment with max price - Tv:firmName=Sumsung, price=1200.0, power=800, working=true, sizeDisplay=52, TypeTV=ZALA

2019-03-15 12:54:35 INFO  root:15 - the end of method - findMinPrice
2019-03-15 12:54:35 INFO  root:15 - method - getArray - work with Array
2019-03-15 12:54:35 INFO  root:15 - method - getArray - work with Array
2019-03-15 12:54:35 INFO  root:15 - Equipment with min price - Kettle:firmName=Tefal, price=50.0, power=800, working=true, volume=1.8, minWaterLevel=0.3

2019-03-15 12:54:35 INFO  root:15 - the end of method - findFirmName
2019-03-15 12:54:35 INFO  root:15 - method - getArray - work with Array
2019-03-15 12:54:35 INFO  root:15 - Equipment with firm name: LG - Computer:firmName=LG, price=1000.0, power=500, working=true, sizeDisplay=22, ram=1024

2019-03-15 12:54:35 INFO  root:15 - method - getArray - work with Array
2019-03-15 12:54:35 INFO  root:15 - loop iteration in method - calcSumPower
2019-03-15 12:54:35 INFO  root:15 - loop iteration in method - calcSumPower
2019-03-15 12:54:35 INFO  root:15 - loop iteration in method - calcSumPower
2019-03-15 12:54:35 INFO  root:15 - loop iteration in method - calcSumPower
2019-03-15 12:54:35 INFO  root:15 - loop iteration in method - calcSumPower
2019-03-15 12:54:35 INFO  root:15 - loop iteration in method - calcSumPower
2019-03-15 12:54:35 INFO  root:15 - loop iteration in method - calcSumPower
2019-03-15 12:54:35 INFO  root:15 - loop iteration in method - calcSumPower
2019-03-15 12:54:35 INFO  root:15 - loop iteration in method - calcSumPower
2019-03-15 12:54:35 INFO  root:15 - loop iteration in method - calcSumPower
2019-03-15 12:54:35 INFO  root:15 - loop iteration in method - calcSumPower
2019-03-15 12:54:35 INFO  root:15 - loop iteration in method - calcSumPower
2019-03-15 12:54:35 INFO  root:15 - loop iteration in method - calcSumPower
2019-03-15 12:54:35 INFO  root:15 - loop iteration in method - calcSumPower
2019-03-15 12:54:35 INFO  root:15 - the end of method - calcSumPower
2019-03-15 12:54:35 INFO  root:15 - General power - 10600

2019-03-15 12:54:35 INFO  root:15 - method - sortPricePowerEquipment - work with Array
2019-03-15 12:54:35 INFO  root:15 - method - sortPowerEquipment - work with Array
2019-03-15 12:56:10 INFO  root:15 - the end of method - findMaxPower
2019-03-15 12:56:10 INFO  root:15 - method - getArray - work with Array
2019-03-15 12:56:10 INFO  root:15 - method - getArray - work with Array
2019-03-15 12:56:10 INFO  root:15 - Equipment with max power - Microwave:firmName=Atlant, price=250.0, power=1500, working=false, volume=17.5, touchControl=true

2019-03-15 12:56:10 INFO  root:15 - the end of method - findMaxPrice
2019-03-15 12:56:10 INFO  root:15 - method - getArray - work with Array
2019-03-15 12:56:10 INFO  root:15 - method - getArray - work with Array
2019-03-15 12:56:10 INFO  root:15 - Equipment with max price - Tv:firmName=Sumsung, price=1200.0, power=800, working=true, sizeDisplay=52, TypeTV=ZALA

2019-03-15 12:56:10 INFO  root:15 - the end of method - findMinPrice
2019-03-15 12:56:10 INFO  root:15 - method - getArray - work with Array
2019-03-15 12:56:10 INFO  root:15 - method - getArray - work with Array
2019-03-15 12:56:10 INFO  root:15 - Equipment with min price - Kettle:firmName=Tefal, price=50.0, power=800, working=true, volume=1.8, minWaterLevel=0.3

2019-03-15 12:56:10 INFO  root:15 - the end of method - findFirmName
2019-03-15 12:56:10 INFO  root:15 - method - getArray - work with Array
2019-03-15 12:56:10 INFO  root:15 - Equipment with firm name: LG - Computer:firmName=LG, price=1000.0, power=500, working=true, sizeDisplay=22, ram=1024

2019-03-15 12:56:10 INFO  root:15 - method - getArray - work with Array
2019-03-15 12:56:10 INFO  root:15 - loop iteration in method - calcSumPower
2019-03-15 12:56:10 INFO  root:15 - loop iteration in method - calcSumPower
2019-03-15 12:56:10 INFO  root:15 - loop iteration in method - calcSumPower
2019-03-15 12:56:10 INFO  root:15 - loop iteration in method - calcSumPower
2019-03-15 12:56:10 INFO  root:15 - loop iteration in method - calcSumPower
2019-03-15 12:56:10 INFO  root:15 - loop iteration in method - calcSumPower
2019-03-15 12:56:10 INFO  root:15 - loop iteration in method - calcSumPower
2019-03-15 12:56:10 INFO  root:15 - loop iteration in method - calcSumPower
2019-03-15 12:56:10 INFO  root:15 - loop iteration in method - calcSumPower
2019-03-15 12:56:10 INFO  root:15 - loop iteration in method - calcSumPower
2019-03-15 12:56:10 INFO  root:15 - loop iteration in method - calcSumPower
2019-03-15 12:56:10 INFO  root:15 - loop iteration in method - calcSumPower
2019-03-15 12:56:10 INFO  root:15 - loop iteration in method - calcSumPower
2019-03-15 12:56:10 INFO  root:15 - loop iteration in method - calcSumPower
2019-03-15 12:56:10 INFO  root:15 - the end of method - calcSumPower
2019-03-15 12:56:10 INFO  root:15 - General power - 10600

2019-03-15 12:56:10 INFO  root:15 - method - sortPricePowerEquipment - work with Array
2019-03-15 12:56:10 INFO  root:15 - method - sortPowerEquipment - work with Array
2019-03-15 12:57:33 INFO  root:15 - the end of method - findMaxPower
2019-03-15 12:57:33 INFO  root:15 - method - getArray - work with Array
2019-03-15 12:57:33 INFO  root:15 - method - getArray - work with Array
2019-03-15 12:57:33 INFO  root:15 - Equipment with max power - Microwave:firmName=Atlant, price=250.0, power=1500, working=false, volume=17.5, touchControl=true

2019-03-15 12:57:33 INFO  root:15 - the end of method - findMaxPrice
2019-03-15 12:57:33 INFO  root:15 - method - getArray - work with Array
2019-03-15 12:57:33 INFO  root:15 - method - getArray - work with Array
2019-03-15 12:57:33 INFO  root:15 - Equipment with max price - Tv:firmName=Sumsung, price=1200.0, power=800, working=true, sizeDisplay=52, TypeTV=ZALA

2019-03-15 12:57:33 INFO  root:15 - the end of method - findMinPrice
2019-03-15 12:57:33 INFO  root:15 - method - getArray - work with Array
2019-03-15 12:57:33 INFO  root:15 - method - getArray - work with Array
2019-03-15 12:57:33 INFO  root:15 - Equipment with min price - Kettle:firmName=Tefal, price=50.0, power=800, working=true, volume=1.8, minWaterLevel=0.3

2019-03-15 12:57:33 INFO  root:15 - the end of method - findFirmName
2019-03-15 12:57:33 INFO  root:15 - method - getArray - work with Array
2019-03-15 12:57:33 INFO  root:15 - Equipment with firm name: LG - Computer:firmName=LG, price=1000.0, power=500, working=true, sizeDisplay=22, ram=1024

2019-03-15 12:57:33 INFO  root:15 - method - getArray - work with Array
2019-03-15 12:57:34 INFO  root:15 - loop iteration in method - calcSumPower
2019-03-15 12:57:34 INFO  root:15 - loop iteration in method - calcSumPower
2019-03-15 12:57:34 INFO  root:15 - loop iteration in method - calcSumPower
2019-03-15 12:57:34 INFO  root:15 - loop iteration in method - calcSumPower
2019-03-15 12:57:34 INFO  root:15 - loop iteration in method - calcSumPower
2019-03-15 12:57:34 INFO  root:15 - loop iteration in method - calcSumPower
2019-03-15 12:57:34 INFO  root:15 - loop iteration in method - calcSumPower
2019-03-15 12:57:34 INFO  root:15 - loop iteration in method - calcSumPower
2019-03-15 12:57:34 INFO  root:15 - loop iteration in method - calcSumPower
2019-03-15 12:57:34 INFO  root:15 - loop iteration in method - calcSumPower
2019-03-15 12:57:34 INFO  root:15 - loop iteration in method - calcSumPower
2019-03-15 12:57:34 INFO  root:15 - loop iteration in method - calcSumPower
2019-03-15 12:57:34 INFO  root:15 - loop iteration in method - calcSumPower
2019-03-15 12:57:34 INFO  root:15 - loop iteration in method - calcSumPower
2019-03-15 12:57:34 INFO  root:15 - the end of method - calcSumPower
2019-03-15 12:57:34 INFO  root:15 - General power - 10600

2019-03-15 12:57:34 INFO  root:15 - method - sortPricePowerEquipment - work with Array
2019-03-15 12:57:34 INFO  root:15 - method - sortPowerEquipment - work with Array
2019-03-15 12:58:49 INFO  root:15 - the end of method - findMaxPower
2019-03-15 12:58:49 INFO  root:15 - method - getArray - work with Array
2019-03-15 12:58:49 INFO  root:15 - method - getArray - work with Array
2019-03-15 12:58:49 INFO  root:15 - Equipment with max power - Microwave:firmName=Atlant, price=250.0, power=1500, working=false, volume=17.5, touchControl=true

2019-03-15 12:58:49 INFO  root:15 - the end of method - findMaxPrice
2019-03-15 12:58:49 INFO  root:15 - method - getArray - work with Array
2019-03-15 12:58:49 INFO  root:15 - method - getArray - work with Array
2019-03-15 12:58:49 INFO  root:15 - Equipment with max price - Tv:firmName=Sumsung, price=1200.0, power=800, working=true, sizeDisplay=52, TypeTV=ZALA

2019-03-15 12:58:49 INFO  root:15 - the end of method - findMinPrice
2019-03-15 12:58:49 INFO  root:15 - method - getArray - work with Array
2019-03-15 12:58:49 INFO  root:15 - method - getArray - work with Array
2019-03-15 12:58:49 INFO  root:15 - Equipment with min price - Kettle:firmName=Tefal, price=50.0, power=800, working=true, volume=1.8, minWaterLevel=0.3

2019-03-15 12:58:49 INFO  root:15 - the end of method - findFirmName
2019-03-15 12:58:49 INFO  root:15 - method - getArray - work with Array
2019-03-15 12:58:49 INFO  root:15 - Equipment with firm name: LG - Computer:firmName=LG, price=1000.0, power=500, working=true, sizeDisplay=22, ram=1024

2019-03-15 12:58:49 INFO  root:15 - method - getArray - work with Array
2019-03-15 12:58:49 INFO  root:15 - loop iteration in method - calcSumPower
2019-03-15 12:58:49 INFO  root:15 - loop iteration in method - calcSumPower
2019-03-15 12:58:49 INFO  root:15 - loop iteration in method - calcSumPower
2019-03-15 12:58:49 INFO  root:15 - loop iteration in method - calcSumPower
2019-03-15 12:58:49 INFO  root:15 - loop iteration in method - calcSumPower
2019-03-15 12:58:49 INFO  root:15 - loop iteration in method - calcSumPower
2019-03-15 12:58:49 INFO  root:15 - loop iteration in method - calcSumPower
2019-03-15 12:58:49 INFO  root:15 - loop iteration in method - calcSumPower
2019-03-15 12:58:49 INFO  root:15 - loop iteration in method - calcSumPower
2019-03-15 12:58:49 INFO  root:15 - loop iteration in method - calcSumPower
2019-03-15 12:58:49 INFO  root:15 - loop iteration in method - calcSumPower
2019-03-15 12:58:49 INFO  root:15 - loop iteration in method - calcSumPower
2019-03-15 12:58:49 INFO  root:15 - loop iteration in method - calcSumPower
2019-03-15 12:58:49 INFO  root:15 - loop iteration in method - calcSumPower
2019-03-15 12:58:49 INFO  root:15 - the end of method - calcSumPower
2019-03-15 12:58:49 INFO  root:15 - General power - 10600

2019-03-15 12:58:50 INFO  root:15 - method - sortPricePowerEquipment - work with Array
2019-03-15 12:58:50 INFO  root:15 - method - sortPowerEquipment - work with Array
2019-03-15 13:01:54 INFO  root:15 - the end of method - findMaxPower
2019-03-15 13:01:54 INFO  root:15 - method - getArray - work with Array
2019-03-15 13:01:54 INFO  root:15 - method - getArray - work with Array
2019-03-15 13:01:54 INFO  root:15 - Equipment with max power - Microwave:firmName=Atlant, price=250.0, power=1500, working=false, volume=17.5, touchControl=true

2019-03-15 13:01:54 INFO  root:15 - the end of method - findMaxPrice
2019-03-15 13:01:54 INFO  root:15 - method - getArray - work with Array
2019-03-15 13:01:54 INFO  root:15 - method - getArray - work with Array
2019-03-15 13:01:54 INFO  root:15 - Equipment with max price - Tv:firmName=Sumsung, price=1200.0, power=800, working=true, sizeDisplay=52, TypeTV=ZALA

2019-03-15 13:01:54 INFO  root:15 - the end of method - findMinPrice
2019-03-15 13:01:54 INFO  root:15 - method - getArray - work with Array
2019-03-15 13:01:54 INFO  root:15 - method - getArray - work with Array
2019-03-15 13:01:54 INFO  root:15 - Equipment with min price - Kettle:firmName=Tefal, price=50.0, power=800, working=true, volume=1.8, minWaterLevel=0.3

2019-03-15 13:01:54 INFO  root:15 - the end of method - findFirmName
2019-03-15 13:01:54 INFO  root:15 - method - getArray - work with Array
2019-03-15 13:01:54 INFO  root:15 - Equipment with firm name: LG - Computer:firmName=LG, price=1000.0, power=500, working=true, sizeDisplay=22, ram=1024

2019-03-15 13:01:54 INFO  root:15 - method - getArray - work with Array
2019-03-15 13:01:54 INFO  root:15 - loop iteration in method - calcSumPower
2019-03-15 13:01:54 INFO  root:15 - loop iteration in method - calcSumPower
2019-03-15 13:01:54 INFO  root:15 - loop iteration in method - calcSumPower
2019-03-15 13:01:54 INFO  root:15 - loop iteration in method - calcSumPower
2019-03-15 13:01:54 INFO  root:15 - loop iteration in method - calcSumPower
2019-03-15 13:01:54 INFO  root:15 - loop iteration in method - calcSumPower
2019-03-15 13:01:54 INFO  root:15 - loop iteration in method - calcSumPower
2019-03-15 13:01:54 INFO  root:15 - loop iteration in method - calcSumPower
2019-03-15 13:01:54 INFO  root:15 - loop iteration in method - calcSumPower
2019-03-15 13:01:54 INFO  root:15 - loop iteration in method - calcSumPower
2019-03-15 13:01:54 INFO  root:15 - loop iteration in method - calcSumPower
2019-03-15 13:01:54 INFO  root:15 - loop iteration in method - calcSumPower
2019-03-15 13:01:54 INFO  root:15 - loop iteration in method - calcSumPower
2019-03-15 13:01:54 INFO  root:15 - loop iteration in method - calcSumPower
2019-03-15 13:01:54 INFO  root:15 - the end of method - calcSumPower
2019-03-15 13:01:54 INFO  root:15 - General power - 10600

2019-03-15 13:01:54 INFO  root:15 - method - sortPricePowerEquipment - work with Array
2019-03-15 13:01:54 INFO  root:15 - method - sortPowerEquipment - work with Array
2019-03-15 13:02:35 INFO  root:15 - the end of method - findMaxPower
2019-03-15 13:02:35 INFO  root:15 - method - getArray - work with Array
2019-03-15 13:02:35 INFO  root:15 - method - getArray - work with Array
2019-03-15 13:02:35 INFO  root:15 - Equipment with max power - Microwave:firmName=Atlant, price=250.0, power=1500, working=false, volume=17.5, touchControl=true

2019-03-15 13:02:35 INFO  root:15 - the end of method - findMaxPrice
2019-03-15 13:02:35 INFO  root:15 - method - getArray - work with Array
2019-03-15 13:02:35 INFO  root:15 - method - getArray - work with Array
2019-03-15 13:02:35 INFO  root:15 - Equipment with max price - Tv:firmName=Sumsung, price=1200.0, power=800, working=true, sizeDisplay=52, TypeTV=ZALA

2019-03-15 13:02:35 INFO  root:15 - the end of method - findMinPrice
2019-03-15 13:02:35 INFO  root:15 - method - getArray - work with Array
2019-03-15 13:02:35 INFO  root:15 - method - getArray - work with Array
2019-03-15 13:02:35 INFO  root:15 - Equipment with min price - Kettle:firmName=Tefal, price=50.0, power=800, working=true, volume=1.8, minWaterLevel=0.3

2019-03-15 13:02:35 INFO  root:15 - the end of method - findFirmName
2019-03-15 13:02:35 INFO  root:15 - method - getArray - work with Array
2019-03-15 13:02:35 INFO  root:15 - Equipment with firm name: LG - Computer:firmName=LG, price=1000.0, power=500, working=true, sizeDisplay=22, ram=1024

2019-03-15 13:02:35 INFO  root:15 - method - getArray - work with Array
2019-03-15 13:02:35 INFO  root:15 - loop iteration in method - calcSumPower
2019-03-15 13:02:35 INFO  root:15 - loop iteration in method - calcSumPower
2019-03-15 13:02:35 INFO  root:15 - loop iteration in method - calcSumPower
2019-03-15 13:02:35 INFO  root:15 - loop iteration in method - calcSumPower
2019-03-15 13:02:35 INFO  root:15 - loop iteration in method - calcSumPower
2019-03-15 13:02:35 INFO  root:15 - loop iteration in method - calcSumPower
2019-03-15 13:02:35 INFO  root:15 - loop iteration in method - calcSumPower
2019-03-15 13:02:35 INFO  root:15 - the end of method - calcSumPower
2019-03-15 13:02:35 INFO  root:15 - General power - 5300

2019-03-15 13:02:35 INFO  root:15 - method - sortPricePowerEquipment - work with Array
2019-03-15 13:02:35 INFO  root:15 - method - sortPowerEquipment - work with Array
2019-03-15 16:09:58 INFO  root:15 - the end of method - findMaxPower
2019-03-15 16:09:58 INFO  root:15 - method - getArray - work with Array
2019-03-15 16:09:58 INFO  root:15 - method - getArray - work with Array
2019-03-15 16:09:58 INFO  root:15 - Equipment with max power - Microwave:firmName=Atlant, price=250.0, power=1500, working=false, volume=17.5, touchControl=true

2019-03-15 16:09:58 INFO  root:15 - the end of method - findMaxPrice
2019-03-15 16:09:58 INFO  root:15 - method - getArray - work with Array
2019-03-15 16:09:58 INFO  root:15 - method - getArray - work with Array
2019-03-15 16:09:58 INFO  root:15 - Equipment with max price - Tv:firmName=Sumsung, price=1200.0, power=800, working=true, sizeDisplay=52, TypeTV=ZALA

2019-03-15 16:09:58 INFO  root:15 - the end of method - findMinPrice
2019-03-15 16:09:58 INFO  root:15 - method - getArray - work with Array
2019-03-15 16:09:58 INFO  root:15 - method - getArray - work with Array
2019-03-15 16:09:58 INFO  root:15 - Equipment with min price - Kettle:firmName=Tefal, price=50.0, power=800, working=true, volume=1.8, minWaterLevel=0.3

2019-03-15 16:09:58 INFO  root:15 - the end of method - findFirmName
2019-03-15 16:09:58 INFO  root:15 - method - getArray - work with Array
2019-03-15 16:09:58 INFO  root:15 - Equipment with firm name: LG - Computer:firmName=LG, price=1000.0, power=500, working=true, sizeDisplay=22, ram=1024

2019-03-15 16:09:58 INFO  root:15 - method - getArray - work with Array
2019-03-15 16:09:58 INFO  root:15 - loop iteration in method - calcSumPower
2019-03-15 16:09:58 INFO  root:15 - loop iteration in method - calcSumPower
2019-03-15 16:09:58 INFO  root:15 - loop iteration in method - calcSumPower
2019-03-15 16:09:58 INFO  root:15 - loop iteration in method - calcSumPower
2019-03-15 16:09:58 INFO  root:15 - loop iteration in method - calcSumPower
2019-03-15 16:09:58 INFO  root:15 - loop iteration in method - calcSumPower
2019-03-15 16:09:58 INFO  root:15 - loop iteration in method - calcSumPower
2019-03-15 16:09:58 INFO  root:15 - loop iteration in method - calcSumPower
2019-03-15 16:09:58 INFO  root:15 - loop iteration in method - calcSumPower
2019-03-15 16:09:58 INFO  root:15 - loop iteration in method - calcSumPower
2019-03-15 16:09:58 INFO  root:15 - loop iteration in method - calcSumPower
2019-03-15 16:09:58 INFO  root:15 - loop iteration in method - calcSumPower
2019-03-15 16:09:58 INFO  root:15 - loop iteration in method - calcSumPower
2019-03-15 16:09:58 INFO  root:15 - loop iteration in method - calcSumPower
2019-03-15 16:09:58 INFO  root:15 - the end of method - calcSumPower
2019-03-15 16:09:58 INFO  root:15 - General power - 10600

2019-03-15 16:17:09 INFO  root:15 - the end of method - findMaxPower
2019-03-15 16:17:09 INFO  root:15 - method - getArray - work with Array
2019-03-15 16:17:09 INFO  root:15 - method - getArray - work with Array
2019-03-15 16:17:09 INFO  root:15 - Equipment with max power - Microwave:firmName=Atlant, price=250.0, power=1500, working=false, volume=17.5, touchControl=true

2019-03-15 16:17:09 INFO  root:15 - the end of method - findMaxPrice
2019-03-15 16:17:09 INFO  root:15 - method - getArray - work with Array
2019-03-15 16:17:09 INFO  root:15 - method - getArray - work with Array
2019-03-15 16:17:09 INFO  root:15 - Equipment with max price - Tv:firmName=Sumsung, price=1200.0, power=800, working=true, sizeDisplay=52, TypeTV=ZALA

2019-03-15 16:17:09 INFO  root:15 - the end of method - findMinPrice
2019-03-15 16:17:09 INFO  root:15 - method - getArray - work with Array
2019-03-15 16:17:09 INFO  root:15 - method - getArray - work with Array
2019-03-15 16:17:09 INFO  root:15 - Equipment with min price - Kettle:firmName=Tefal, price=50.0, power=800, working=true, volume=1.8, minWaterLevel=0.3

2019-03-15 16:17:09 INFO  root:15 - the end of method - findFirmName
2019-03-15 16:17:09 INFO  root:15 - method - getArray - work with Array
2019-03-15 16:17:09 INFO  root:15 - Equipment with firm name: LG - Computer:firmName=LG, price=1000.0, power=500, working=true, sizeDisplay=22, ram=1024

2019-03-15 16:17:09 INFO  root:15 - method - getArray - work with Array
2019-03-15 16:17:09 INFO  root:15 - loop iteration in method - calcSumPower
2019-03-15 16:17:09 INFO  root:15 - loop iteration in method - calcSumPower
2019-03-15 16:17:09 INFO  root:15 - loop iteration in method - calcSumPower
2019-03-15 16:17:09 INFO  root:15 - loop iteration in method - calcSumPower
2019-03-15 16:17:09 INFO  root:15 - loop iteration in method - calcSumPower
2019-03-15 16:17:09 INFO  root:15 - loop iteration in method - calcSumPower
2019-03-15 16:17:09 INFO  root:15 - loop iteration in method - calcSumPower
2019-03-15 16:17:09 INFO  root:15 - loop iteration in method - calcSumPower
2019-03-15 16:17:09 INFO  root:15 - loop iteration in method - calcSumPower
2019-03-15 16:17:09 INFO  root:15 - loop iteration in method - calcSumPower
2019-03-15 16:17:09 INFO  root:15 - loop iteration in method - calcSumPower
2019-03-15 16:17:09 INFO  root:15 - loop iteration in method - calcSumPower
2019-03-15 16:17:09 INFO  root:15 - loop iteration in method - calcSumPower
2019-03-15 16:17:09 INFO  root:15 - loop iteration in method - calcSumPower
2019-03-15 16:17:09 INFO  root:15 - the end of method - calcSumPower
2019-03-15 16:17:09 INFO  root:15 - General power - 10600

2019-03-15 16:26:07 INFO  root:15 - the end of method - findMaxPower
2019-03-15 16:26:07 INFO  root:15 - method - getArray - work with Array
2019-03-15 16:26:07 INFO  root:15 - method - getArray - work with Array
2019-03-15 16:26:07 INFO  root:15 - Equipment with max power - Microwave:firmName=Atlant, price=250.0, power=1500, working=false, volume=17.5, touchControl=true

2019-03-15 16:26:07 INFO  root:15 - the end of method - findMaxPrice
2019-03-15 16:26:07 INFO  root:15 - method - getArray - work with Array
2019-03-15 16:26:07 INFO  root:15 - method - getArray - work with Array
2019-03-15 16:26:07 INFO  root:15 - Equipment with max price - Tv:firmName=Sumsung, price=1200.0, power=800, working=true, sizeDisplay=52, TypeTV=ZALA

2019-03-15 16:26:07 INFO  root:15 - the end of method - findMinPrice
2019-03-15 16:26:07 INFO  root:15 - method - getArray - work with Array
2019-03-15 16:26:07 INFO  root:15 - method - getArray - work with Array
2019-03-15 16:26:07 INFO  root:15 - Equipment with min price - Kettle:firmName=Tefal, price=50.0, power=800, working=true, volume=1.8, minWaterLevel=0.3

2019-03-15 16:26:07 INFO  root:15 - the end of method - findFirmName
2019-03-15 16:26:07 INFO  root:15 - method - getArray - work with Array
2019-03-15 16:26:07 INFO  root:15 - Equipment with firm name: LG - Computer:firmName=LG, price=1000.0, power=500, working=true, sizeDisplay=22, ram=1024

2019-03-15 16:26:07 INFO  root:15 - method - getArray - work with Array
2019-03-15 16:26:07 INFO  root:15 - loop iteration in method - calcSumPower
2019-03-15 16:26:07 INFO  root:15 - loop iteration in method - calcSumPower
2019-03-15 16:26:07 INFO  root:15 - loop iteration in method - calcSumPower
2019-03-15 16:26:07 INFO  root:15 - loop iteration in method - calcSumPower
2019-03-15 16:26:07 INFO  root:15 - loop iteration in method - calcSumPower
2019-03-15 16:26:07 INFO  root:15 - loop iteration in method - calcSumPower
2019-03-15 16:26:07 INFO  root:15 - loop iteration in method - calcSumPower
2019-03-15 16:26:07 INFO  root:15 - loop iteration in method - calcSumPower
2019-03-15 16:26:07 INFO  root:15 - loop iteration in method - calcSumPower
2019-03-15 16:26:07 INFO  root:15 - loop iteration in method - calcSumPower
2019-03-15 16:26:07 INFO  root:15 - loop iteration in method - calcSumPower
2019-03-15 16:26:07 INFO  root:15 - loop iteration in method - calcSumPower
2019-03-15 16:26:07 INFO  root:15 - loop iteration in method - calcSumPower
2019-03-15 16:26:07 INFO  root:15 - loop iteration in method - calcSumPower
2019-03-15 16:26:07 INFO  root:15 - the end of method - calcSumPower
2019-03-15 16:26:07 INFO  root:15 - General power - 10600

2019-03-15 16:27:21 INFO  root:15 - the end of method - findMaxPower
2019-03-15 16:27:21 INFO  root:15 - method - getArray - work with Array
2019-03-15 16:27:21 INFO  root:15 - method - getArray - work with Array
2019-03-15 16:27:21 INFO  root:15 - Equipment with max power - Microwave:firmName=Atlant, price=250.0, power=1500, working=false, volume=17.5, touchControl=true

2019-03-15 16:27:21 INFO  root:15 - the end of method - findMaxPrice
2019-03-15 16:27:21 INFO  root:15 - method - getArray - work with Array
2019-03-15 16:27:21 INFO  root:15 - method - getArray - work with Array
2019-03-15 16:27:21 INFO  root:15 - Equipment with max price - Tv:firmName=Sumsung, price=1200.0, power=800, working=true, sizeDisplay=52, TypeTV=ZALA

2019-03-15 16:27:21 INFO  root:15 - the end of method - findMinPrice
2019-03-15 16:27:21 INFO  root:15 - method - getArray - work with Array
2019-03-15 16:27:21 INFO  root:15 - method - getArray - work with Array
2019-03-15 16:27:21 INFO  root:15 - Equipment with min price - Kettle:firmName=Tefal, price=50.0, power=800, working=true, volume=1.8, minWaterLevel=0.3

2019-03-15 16:27:21 INFO  root:15 - the end of method - findFirmName
2019-03-15 16:27:21 INFO  root:15 - method - getArray - work with Array
2019-03-15 16:27:21 INFO  root:15 - Equipment with firm name: LG - Computer:firmName=LG, price=1000.0, power=500, working=true, sizeDisplay=22, ram=1024

2019-03-15 16:27:21 INFO  root:15 - method - getArray - work with Array
2019-03-15 16:27:21 INFO  root:15 - loop iteration in method - calcSumPower
2019-03-15 16:27:21 INFO  root:15 - loop iteration in method - calcSumPower
2019-03-15 16:27:21 INFO  root:15 - loop iteration in method - calcSumPower
2019-03-15 16:27:21 INFO  root:15 - loop iteration in method - calcSumPower
2019-03-15 16:27:21 INFO  root:15 - loop iteration in method - calcSumPower
2019-03-15 16:27:21 INFO  root:15 - loop iteration in method - calcSumPower
2019-03-15 16:27:21 INFO  root:15 - loop iteration in method - calcSumPower
2019-03-15 16:27:21 INFO  root:15 - the end of method - calcSumPower
2019-03-15 16:27:21 INFO  root:15 - General power - 5300

2019-03-15 16:28:42 INFO  root:15 - the end of method - findMaxPower
2019-03-15 16:28:42 INFO  root:15 - method - getArray - work with Array
2019-03-15 16:28:42 INFO  root:15 - method - getArray - work with Array
2019-03-15 16:28:42 INFO  root:15 - Equipment with max power - Microwave:firmName=Atlant, price=250.0, power=1500, working=false, volume=17.5, touchControl=true

2019-03-15 16:28:42 INFO  root:15 - the end of method - findMaxPrice
2019-03-15 16:28:42 INFO  root:15 - method - getArray - work with Array
2019-03-15 16:28:42 INFO  root:15 - method - getArray - work with Array
2019-03-15 16:28:42 INFO  root:15 - Equipment with max price - Tv:firmName=Sumsung, price=1200.0, power=800, working=true, sizeDisplay=52, TypeTV=ZALA

2019-03-15 16:28:42 INFO  root:15 - the end of method - findMinPrice
2019-03-15 16:28:42 INFO  root:15 - method - getArray - work with Array
2019-03-15 16:28:42 INFO  root:15 - method - getArray - work with Array
2019-03-15 16:28:42 INFO  root:15 - Equipment with min price - Kettle:firmName=Tefal, price=50.0, power=800, working=true, volume=1.8, minWaterLevel=0.3

2019-03-15 16:28:42 INFO  root:15 - the end of method - findFirmName
2019-03-15 16:28:42 INFO  root:15 - method - getArray - work with Array
2019-03-15 16:28:42 INFO  root:15 - Equipment with firm name: LG - Computer:firmName=LG, price=1000.0, power=500, working=true, sizeDisplay=22, ram=1024

2019-03-15 16:28:42 INFO  root:15 - method - getArray - work with Array
2019-03-15 16:28:42 INFO  root:15 - loop iteration in method - calcSumPower
2019-03-15 16:28:42 INFO  root:15 - loop iteration in method - calcSumPower
2019-03-15 16:28:42 INFO  root:15 - loop iteration in method - calcSumPower
2019-03-15 16:28:42 INFO  root:15 - loop iteration in method - calcSumPower
2019-03-15 16:28:42 INFO  root:15 - loop iteration in method - calcSumPower
2019-03-15 16:28:42 INFO  root:15 - loop iteration in method - calcSumPower
2019-03-15 16:28:42 INFO  root:15 - loop iteration in method - calcSumPower
2019-03-15 16:28:42 INFO  root:15 - the end of method - calcSumPower
2019-03-15 16:28:42 INFO  root:15 - General power - 5300

2019-03-15 16:29:27 INFO  root:15 - the end of method - findMaxPower
2019-03-15 16:29:27 INFO  root:15 - method - getArray - work with Array
2019-03-15 16:29:27 INFO  root:15 - method - getArray - work with Array
2019-03-15 16:29:27 INFO  root:15 - Equipment with max power - Microwave:firmName=Atlant, price=250.0, power=1500, working=false, volume=17.5, touchControl=true

2019-03-15 16:29:27 INFO  root:15 - the end of method - findMaxPrice
2019-03-15 16:29:27 INFO  root:15 - method - getArray - work with Array
2019-03-15 16:29:27 INFO  root:15 - method - getArray - work with Array
2019-03-15 16:29:27 INFO  root:15 - Equipment with max price - Tv:firmName=Sumsung, price=1200.0, power=800, working=true, sizeDisplay=52, TypeTV=ZALA

2019-03-15 16:29:27 INFO  root:15 - the end of method - findMinPrice
2019-03-15 16:29:27 INFO  root:15 - method - getArray - work with Array
2019-03-15 16:29:27 INFO  root:15 - method - getArray - work with Array
2019-03-15 16:29:27 INFO  root:15 - Equipment with min price - Kettle:firmName=Tefal, price=50.0, power=800, working=true, volume=1.8, minWaterLevel=0.3

2019-03-15 16:29:27 INFO  root:15 - the end of method - findFirmName
2019-03-15 16:29:27 INFO  root:15 - method - getArray - work with Array
2019-03-15 16:29:27 INFO  root:15 - Equipment with firm name: LG - Computer:firmName=LG, price=1000.0, power=500, working=true, sizeDisplay=22, ram=1024

2019-03-15 16:29:27 INFO  root:15 - method - getArray - work with Array
2019-03-15 16:29:27 INFO  root:15 - loop iteration in method - calcSumPower
2019-03-15 16:29:27 INFO  root:15 - loop iteration in method - calcSumPower
2019-03-15 16:29:27 INFO  root:15 - loop iteration in method - calcSumPower
2019-03-15 16:29:27 INFO  root:15 - loop iteration in method - calcSumPower
2019-03-15 16:29:27 INFO  root:15 - loop iteration in method - calcSumPower
2019-03-15 16:29:27 INFO  root:15 - loop iteration in method - calcSumPower
2019-03-15 16:29:27 INFO  root:15 - loop iteration in method - calcSumPower
2019-03-15 16:29:27 INFO  root:15 - the end of method - calcSumPower
2019-03-15 16:29:27 INFO  root:15 - General power - 5300

2019-03-15 16:30:04 INFO  root:15 - the end of method - findMaxPower
2019-03-15 16:30:04 INFO  root:15 - method - getArray - work with Array
2019-03-15 16:30:04 INFO  root:15 - method - getArray - work with Array
2019-03-15 16:30:04 INFO  root:15 - Equipment with max power - Microwave:firmName=Atlant, price=250.0, power=1500, working=false, volume=17.5, touchControl=true

2019-03-15 16:30:04 INFO  root:15 - the end of method - findMaxPrice
2019-03-15 16:30:04 INFO  root:15 - method - getArray - work with Array
2019-03-15 16:30:04 INFO  root:15 - method - getArray - work with Array
2019-03-15 16:30:04 INFO  root:15 - Equipment with max price - Tv:firmName=Sumsung, price=1200.0, power=800, working=true, sizeDisplay=52, TypeTV=ZALA

2019-03-15 16:30:04 INFO  root:15 - the end of method - findMinPrice
2019-03-15 16:30:04 INFO  root:15 - method - getArray - work with Array
2019-03-15 16:30:04 INFO  root:15 - method - getArray - work with Array
2019-03-15 16:30:04 INFO  root:15 - Equipment with min price - Kettle:firmName=Tefal, price=50.0, power=800, working=true, volume=1.8, minWaterLevel=0.3

2019-03-15 16:30:04 INFO  root:15 - the end of method - findFirmName
2019-03-15 16:30:04 INFO  root:15 - method - getArray - work with Array
2019-03-15 16:30:04 INFO  root:15 - Equipment with firm name: LG - Computer:firmName=LG, price=1000.0, power=500, working=true, sizeDisplay=22, ram=1024

2019-03-15 16:30:04 INFO  root:15 - method - getArray - work with Array
2019-03-15 16:30:04 INFO  root:15 - loop iteration in method - calcSumPower
2019-03-15 16:30:04 INFO  root:15 - loop iteration in method - calcSumPower
2019-03-15 16:30:04 INFO  root:15 - loop iteration in method - calcSumPower
2019-03-15 16:30:04 INFO  root:15 - loop iteration in method - calcSumPower
2019-03-15 16:30:04 INFO  root:15 - loop iteration in method - calcSumPower
2019-03-15 16:30:04 INFO  root:15 - loop iteration in method - calcSumPower
2019-03-15 16:30:04 INFO  root:15 - loop iteration in method - calcSumPower
2019-03-15 16:30:04 INFO  root:15 - the end of method - calcSumPower
2019-03-15 16:30:04 INFO  root:15 - General power - 5300

2019-03-15 16:30:04 INFO  root:15 - method - sortPricePowerEquipment - work with Array
2019-03-15 16:30:04 INFO  root:15 - method - sortPowerEquipment - work with Array
2019-03-15 16:30:32 INFO  root:15 - the end of method - findMaxPower
2019-03-15 16:30:32 INFO  root:15 - method - getArray - work with Array
2019-03-15 16:30:32 INFO  root:15 - method - getArray - work with Array
2019-03-15 16:30:32 INFO  root:15 - Equipment with max power - Microwave:firmName=Atlant, price=250.0, power=1500, working=false, volume=17.5, touchControl=true

2019-03-15 16:30:32 INFO  root:15 - the end of method - findMaxPrice
2019-03-15 16:30:32 INFO  root:15 - method - getArray - work with Array
2019-03-15 16:30:32 INFO  root:15 - method - getArray - work with Array
2019-03-15 16:30:32 INFO  root:15 - Equipment with max price - Tv:firmName=Sumsung, price=1200.0, power=800, working=true, sizeDisplay=52, TypeTV=ZALA

2019-03-15 16:30:32 INFO  root:15 - the end of method - findMinPrice
2019-03-15 16:30:32 INFO  root:15 - method - getArray - work with Array
2019-03-15 16:30:32 INFO  root:15 - method - getArray - work with Array
2019-03-15 16:30:32 INFO  root:15 - Equipment with min price - Kettle:firmName=Tefal, price=50.0, power=800, working=true, volume=1.8, minWaterLevel=0.3

2019-03-15 16:30:32 INFO  root:15 - the end of method - findFirmName
2019-03-15 16:30:32 INFO  root:15 - method - getArray - work with Array
2019-03-15 16:30:32 INFO  root:15 - Equipment with firm name: LG - Computer:firmName=LG, price=1000.0, power=500, working=true, sizeDisplay=22, ram=1024

2019-03-15 16:30:32 INFO  root:15 - method - getArray - work with Array
2019-03-15 16:30:32 INFO  root:15 - loop iteration in method - calcSumPower
2019-03-15 16:30:32 INFO  root:15 - loop iteration in method - calcSumPower
2019-03-15 16:30:32 INFO  root:15 - loop iteration in method - calcSumPower
2019-03-15 16:30:32 INFO  root:15 - loop iteration in method - calcSumPower
2019-03-15 16:30:32 INFO  root:15 - loop iteration in method - calcSumPower
2019-03-15 16:30:32 INFO  root:15 - loop iteration in method - calcSumPower
2019-03-15 16:30:32 INFO  root:15 - loop iteration in method - calcSumPower
2019-03-15 16:30:32 INFO  root:15 - the end of method - calcSumPower
2019-03-15 16:30:32 INFO  root:15 - General power - 5300

2019-03-15 16:30:32 INFO  root:15 - method - sortPricePowerEquipment - work with Array
2019-03-15 16:30:32 INFO  root:15 - method - sortPowerEquipment - work with Array
2019-03-15 18:00:41 INFO  root:15 - the end of method - findMaxPower
2019-03-15 18:00:41 INFO  root:15 - method - getArray - work with Array
2019-03-15 18:00:41 INFO  root:15 - method - getArray - work with Array
2019-03-15 18:00:41 INFO  root:15 - Equipment with max power - Microwave:firmName=Atlant, price=250.0, power=1500, working=false, volume=17.5, touchControl=true

2019-03-15 18:00:41 INFO  root:15 - the end of method - findMaxPrice
2019-03-15 18:00:41 INFO  root:15 - method - getArray - work with Array
2019-03-15 18:00:41 INFO  root:15 - method - getArray - work with Array
2019-03-15 18:00:41 INFO  root:15 - Equipment with max price - Tv:firmName=Sumsung, price=1200.0, power=800, working=true, sizeDisplay=52, TypeTV=ZALA

2019-03-15 18:00:41 INFO  root:15 - the end of method - findMinPrice
2019-03-15 18:00:41 INFO  root:15 - method - getArray - work with Array
2019-03-15 18:00:41 INFO  root:15 - method - getArray - work with Array
2019-03-15 18:00:41 INFO  root:15 - Equipment with min price - Kettle:firmName=Tefal, price=50.0, power=800, working=true, volume=1.8, minWaterLevel=0.3

2019-03-15 18:00:41 INFO  root:15 - the end of method - findFirmName
2019-03-15 18:00:41 INFO  root:15 - method - getArray - work with Array
2019-03-15 18:00:41 INFO  root:15 - Equipment with firm name: LG - Computer:firmName=LG, price=1000.0, power=500, working=true, sizeDisplay=22, ram=1024

2019-03-15 18:00:41 INFO  root:15 - method - getArray - work with Array
2019-03-15 18:00:41 INFO  root:15 - loop iteration in method - calcSumPower
2019-03-15 18:00:41 INFO  root:15 - loop iteration in method - calcSumPower
2019-03-15 18:00:41 INFO  root:15 - loop iteration in method - calcSumPower
2019-03-15 18:00:41 INFO  root:15 - loop iteration in method - calcSumPower
2019-03-15 18:00:41 INFO  root:15 - loop iteration in method - calcSumPower
2019-03-15 18:00:41 INFO  root:15 - loop iteration in method - calcSumPower
2019-03-15 18:00:41 INFO  root:15 - loop iteration in method - calcSumPower
2019-03-15 18:00:41 INFO  root:15 - the end of method - calcSumPower
2019-03-15 18:00:41 INFO  root:15 - General power - 5300

2019-03-15 18:00:42 INFO  root:15 - method - sortPricePowerEquipment - work with Array
2019-03-15 18:00:42 INFO  root:15 - method - sortPowerEquipment - work with Array
2019-03-15 18:11:50 INFO  root:15 - the end of method - findMaxPower
2019-03-15 18:11:50 INFO  root:15 - method - getArray - work with Array
2019-03-15 18:11:50 INFO  root:15 - method - getArray - work with Array
2019-03-15 18:11:50 INFO  root:15 - Equipment with max power - Microwave:firmName=Atlant, price=250.0, power=1500, working=false, volume=17.5, touchControl=true

2019-03-15 18:11:50 INFO  root:15 - the end of method - findMaxPrice
2019-03-15 18:11:50 INFO  root:15 - method - getArray - work with Array
2019-03-15 18:11:50 INFO  root:15 - method - getArray - work with Array
2019-03-15 18:11:50 INFO  root:15 - Equipment with max price - Tv:firmName=Sumsung, price=1200.0, power=800, working=true, sizeDisplay=52, TypeTV=ZALA

2019-03-15 18:11:50 INFO  root:15 - the end of method - findMinPrice
2019-03-15 18:11:50 INFO  root:15 - method - getArray - work with Array
2019-03-15 18:11:50 INFO  root:15 - method - getArray - work with Array
2019-03-15 18:11:50 INFO  root:15 - Equipment with min price - Kettle:firmName=Tefal, price=50.0, power=800, working=true, volume=1.8, minWaterLevel=0.3

2019-03-15 18:11:50 INFO  root:15 - the end of method - findFirmName
2019-03-15 18:11:50 INFO  root:15 - method - getArray - work with Array
2019-03-15 18:11:50 INFO  root:15 - Equipment with firm name: LG - Computer:firmName=LG, price=1000.0, power=500, working=true, sizeDisplay=22, ram=1024

2019-03-15 18:11:50 INFO  root:15 - method - getArray - work with Array
2019-03-15 18:11:50 INFO  root:15 - loop iteration in method - calcSumPower
2019-03-15 18:11:50 INFO  root:15 - loop iteration in method - calcSumPower
2019-03-15 18:11:50 INFO  root:15 - loop iteration in method - calcSumPower
2019-03-15 18:11:50 INFO  root:15 - loop iteration in method - calcSumPower
2019-03-15 18:11:50 INFO  root:15 - loop iteration in method - calcSumPower
2019-03-15 18:11:50 INFO  root:15 - loop iteration in method - calcSumPower
2019-03-15 18:11:50 INFO  root:15 - loop iteration in method - calcSumPower
2019-03-15 18:11:50 INFO  root:15 - the end of method - calcSumPower
2019-03-15 18:11:50 INFO  root:15 - General power - 5300

2019-03-15 18:11:50 INFO  root:15 - method - sortPricePowerEquipment - work with Array
2019-03-15 18:11:50 INFO  root:15 - method - sortPowerEquipment - work with Array
2019-03-15 19:10:03 INFO  root:15 - the end of method - findMaxPower
2019-03-15 19:10:03 INFO  root:15 - method - getArray - work with Array
2019-03-15 19:10:03 INFO  root:15 - method - getArray - work with Array
2019-03-15 19:10:03 INFO  root:15 - Equipment with max power - Microwave:firmName=Atlant, price=250.0, power=1500, working=false, volume=17.5, touchControl=true

2019-03-15 19:10:03 INFO  root:15 - the end of method - findMaxPrice
2019-03-15 19:10:03 INFO  root:15 - method - getArray - work with Array
2019-03-15 19:10:03 INFO  root:15 - method - getArray - work with Array
2019-03-15 19:10:03 INFO  root:15 - Equipment with max price - Tv:firmName=Sumsung, price=1200.0, power=800, working=true, sizeDisplay=52, TypeTV=ZALA

2019-03-15 19:10:03 INFO  root:15 - the end of method - findMinPrice
2019-03-15 19:10:03 INFO  root:15 - method - getArray - work with Array
2019-03-15 19:10:03 INFO  root:15 - method - getArray - work with Array
2019-03-15 19:10:03 INFO  root:15 - Equipment with min price - Kettle:firmName=Tefal, price=50.0, power=800, working=true, volume=1.8, minWaterLevel=0.3

2019-03-15 19:10:03 INFO  root:15 - the end of method - findFirmName
2019-03-15 19:10:03 INFO  root:15 - method - getArray - work with Array
2019-03-15 19:10:03 INFO  root:15 - Equipment with firm name: LG - Computer:firmName=LG, price=1000.0, power=500, working=true, sizeDisplay=22, ram=1024

2019-03-15 19:10:03 INFO  root:15 - method - getArray - work with Array
2019-03-15 19:10:03 INFO  root:15 - loop iteration in method - calcSumPower
2019-03-15 19:10:03 INFO  root:15 - loop iteration in method - calcSumPower
2019-03-15 19:10:03 INFO  root:15 - loop iteration in method - calcSumPower
2019-03-15 19:10:03 INFO  root:15 - loop iteration in method - calcSumPower
2019-03-15 19:10:03 INFO  root:15 - loop iteration in method - calcSumPower
2019-03-15 19:10:03 INFO  root:15 - loop iteration in method - calcSumPower
2019-03-15 19:10:03 INFO  root:15 - loop iteration in method - calcSumPower
2019-03-15 19:10:03 INFO  root:15 - the end of method - calcSumPower
2019-03-15 19:10:03 INFO  root:15 - General power - 5300

2019-03-15 19:10:03 INFO  root:15 - method - sortPricePowerEquipment - work with Array
2019-03-15 19:10:03 INFO  root:15 - method - sortPowerEquipment - work with Array
2019-03-15 21:11:59 INFO  root:15 - the end of method - findMaxPower
2019-03-15 21:11:59 INFO  root:15 - method - getArray - work with Array
2019-03-15 21:11:59 INFO  root:15 - method - getArray - work with Array
2019-03-15 21:11:59 INFO  root:15 - Equipment with max power - Microwave:firmName=Atlant, price=250.0, power=1500, working=false, volume=17.5, touchControl=true

2019-03-15 21:11:59 INFO  root:15 - the end of method - findMaxPrice
2019-03-15 21:11:59 INFO  root:15 - method - getArray - work with Array
2019-03-15 21:11:59 INFO  root:15 - method - getArray - work with Array
2019-03-15 21:11:59 INFO  root:15 - Equipment with max price - Tv:firmName=Sumsung, price=1200.0, power=800, working=true, sizeDisplay=52, TypeTV=ZALA

2019-03-15 21:11:59 INFO  root:15 - the end of method - findMinPrice
2019-03-15 21:11:59 INFO  root:15 - method - getArray - work with Array
2019-03-15 21:11:59 INFO  root:15 - method - getArray - work with Array
2019-03-15 21:11:59 INFO  root:15 - Equipment with min price - Kettle:firmName=Tefal, price=50.0, power=800, working=true, volume=1.8, minWaterLevel=0.3

2019-03-15 21:11:59 INFO  root:15 - the end of method - findFirmName
2019-03-15 21:11:59 INFO  root:15 - method - getArray - work with Array
2019-03-15 21:11:59 INFO  root:15 - Equipment with firm name: LG - Computer:firmName=LG, price=1000.0, power=500, working=true, sizeDisplay=22, ram=1024

2019-03-15 21:11:59 INFO  root:15 - method - getArray - work with Array
2019-03-15 21:11:59 INFO  root:15 - loop iteration in method - calcSumPower
2019-03-15 21:11:59 INFO  root:15 - loop iteration in method - calcSumPower
2019-03-15 21:11:59 INFO  root:15 - loop iteration in method - calcSumPower
2019-03-15 21:11:59 INFO  root:15 - loop iteration in method - calcSumPower
2019-03-15 21:11:59 INFO  root:15 - loop iteration in method - calcSumPower
2019-03-15 21:11:59 INFO  root:15 - loop iteration in method - calcSumPower
2019-03-15 21:11:59 INFO  root:15 - loop iteration in method - calcSumPower
2019-03-15 21:11:59 INFO  root:15 - the end of method - calcSumPower
2019-03-15 21:11:59 INFO  root:15 - General power - 5300

2019-03-15 21:12:00 INFO  root:15 - method - sortPricePowerEquipment - work with Array
2019-03-15 21:12:00 INFO  root:15 - method - sortPowerEquipment - work with Array
2019-03-16 13:29:13 INFO  root:15 - the end of method - findMaxPower
2019-03-16 13:29:13 INFO  root:15 - method - getArray - work with Array
2019-03-16 13:29:13 INFO  root:15 - method - getArray - work with Array
2019-03-16 13:29:13 INFO  root:15 - Equipment with max power - Microwave:firmName=Atlant, price=250.0, power=1500, working=false, volume=17.5, touchControl=true

2019-03-16 13:29:13 INFO  root:15 - the end of method - findMaxPrice
2019-03-16 13:29:13 INFO  root:15 - method - getArray - work with Array
2019-03-16 13:29:13 INFO  root:15 - method - getArray - work with Array
2019-03-16 13:29:13 INFO  root:15 - Equipment with max price - Computer:firmName=LG, price=1000.0, power=500, working=true, sizeDisplay=22, ram=1024

2019-03-16 13:29:13 INFO  root:15 - the end of method - findMinPrice
2019-03-16 13:29:13 INFO  root:15 - method - getArray - work with Array
2019-03-16 13:29:13 INFO  root:15 - method - getArray - work with Array
2019-03-16 13:29:13 INFO  root:15 - Equipment with min price - Kettle:firmName=Tefal, price=50.0, power=800, working=true, volume=1.8, minWaterLevel=0.3

2019-03-16 13:29:13 INFO  root:15 - the end of method - findFirmName
2019-03-16 13:29:13 INFO  root:15 - method - getArray - work with Array
2019-03-16 13:29:13 INFO  root:15 - Equipment with firm name: LG - Computer:firmName=LG, price=1000.0, power=500, working=true, sizeDisplay=22, ram=1024

2019-03-16 13:29:13 INFO  root:15 - method - getArray - work with Array
2019-03-16 13:29:13 INFO  root:15 - loop iteration in method - calcSumPower
2019-03-16 13:29:13 INFO  root:15 - loop iteration in method - calcSumPower
2019-03-16 13:29:13 INFO  root:15 - loop iteration in method - calcSumPower
2019-03-16 13:29:13 INFO  root:15 - loop iteration in method - calcSumPower
2019-03-16 13:29:13 INFO  root:15 - loop iteration in method - calcSumPower
2019-03-16 13:29:13 INFO  root:15 - the end of method - calcSumPower
2019-03-16 13:29:13 INFO  root:15 - General power - 4100

2019-03-16 13:29:14 INFO  root:15 - method - sortPricePowerEquipment - work with Array
2019-03-16 13:29:14 INFO  root:15 - method - sortPowerEquipment - work with Array
2019-03-17 22:07:17 ERROR root:54 - java.lang.NullPointerException
2019-03-17 22:09:44 ERROR root:54 - java.lang.NullPointerException
2019-03-17 22:11:46 ERROR root:54 - java.lang.NullPointerException
2019-03-17 22:12:20 ERROR root:54 - java.lang.NullPointerException
2019-03-17 22:12:56 ERROR root:54 - java.lang.NullPointerException
2019-03-25 19:51:01 ERROR root:19 - java.io.NotSerializableException: by.epam.javawebtraining.kunitski.task01.model.entity.home.Home
2019-03-25 19:52:58 ERROR root:19 - java.io.NotSerializableException: by.epam.javawebtraining.kunitski.task01.model.entity.home.Home
2019-03-25 19:52:58 ERROR root:34 - java.io.WriteAbortedException: writing aborted; java.io.NotSerializableException: by.epam.javawebtraining.kunitski.task01.model.entity.home.Home
2019-03-25 19:54:43 ERROR root:19 - java.io.NotSerializableException: by.epam.javawebtraining.kunitski.task01.model.container.EquipmentArray
2019-03-25 19:54:43 ERROR root:34 - java.io.WriteAbortedException: writing aborted; java.io.NotSerializableException: by.epam.javawebtraining.kunitski.task01.model.container.EquipmentArray
2019-04-09 20:20:34 ERROR root:34 - src//xml_resource//equipment_doc.xml is not valid. schema_reference.4: Failed to read schema document 'file:/C:/Users/yurok/IdeaProjects/Task1Kunitski/data/serialization/equipment_schem.xsd', because 1) could not find the document; 2) the document could not be read; 3) the root element of the document is not <xsd:schema>.
2019-04-09 20:20:34 INFO  root:16 - false
2019-04-09 20:26:42 ERROR root:34 - src//xml_resource//equipment_doc.xml is not valid. schema_reference.4: Failed to read schema document 'file:/C:/Users/yurok/IdeaProjects/Task1Kunitski/data/serialization/equipment_schem.xsd', because 1) could not find the document; 2) the document could not be read; 3) the root element of the document is not <xsd:schema>.
2019-04-09 20:26:42 INFO  root:19 - false
2019-04-09 20:26:42 INFO  root:25 - equipmentHomeCotalog:
multicooker:firmName=Tefal, price=250.0, power=1000, working=false, volume=8.0, numbPrograms=22
tv:firmName=Panasonic, price=500.0, power=400, working=false, sizeDisplay=32, tvType=ZALA
microwave:firmName=Atlant, price=250.0, power=1500, working=false, volume=17.5, touchControl=true
kettle:firmName=Tefal, price=50.0, power=80, working=false, volume=1.8, minWaterLevel=0.3
tv:firmName=Sumsung, price=1200.0, power=800, working=false, sizeDisplay=52, tvType=VOKATV
computer:firmName=LG, price=1000.0, power=500, working=false, sizeDisplay=22, ram=1024
computer:firmName=Aser, price=500.0, power=300, working=false, sizeDisplay=18, ram=2048

2019-04-09 20:29:01 ERROR root:34 - src//xml_resource//equipment_doc.xml is not valid. schema_reference.4: Failed to read schema document 'file:/C:/Users/yurok/IdeaProjects/Task1Kunitski/data/serialization/equipment_schem.xsd', because 1) could not find the document; 2) the document could not be read; 3) the root element of the document is not <xsd:schema>.
2019-04-09 20:29:01 INFO  root:19 - false
2019-04-09 20:29:02 INFO  root:25 - equipmentHomeCotalog:
multicooker:firmName=Tefal, price=250.0, power=1000, working=true, volume=8.0, numbPrograms=22
tv:firmName=Panasonic, price=500.0, power=400, working=false, sizeDisplay=32, tvType=ZALA
kettle:firmName=Tefal, price=50.0, power=80, working=true, volume=1.8, minWaterLevel=0.3
microwave:firmName=Atlant, price=250.0, power=1500, working=false, volume=17.5, touchControl=true
computer:firmName=LG, price=1000.0, power=500, working=true, sizeDisplay=22, ram=1024
computer:firmName=Aser, price=500.0, power=300, working=true, sizeDisplay=18, ram=2048
tv:firmName=Sumsung, price=1200.0, power=800, working=true, sizeDisplay=52, tvType=VOKATV

2019-04-09 20:44:02 ERROR root:34 - src//xml_resource//equipment_doc.xml is not valid. schema_reference.4: Failed to read schema document 'file:/C:/Users/yurok/IdeaProjects/Task1Kunitski/data/serialization/equipment_schem.xsd', because 1) could not find the document; 2) the document could not be read; 3) the root element of the document is not <xsd:schema>.
2019-04-09 20:44:02 INFO  root:19 - false
2019-04-09 20:44:41 ERROR root:34 - src//xml_resource//equipment_doc.xml is not valid. schema_reference.4: Failed to read schema document 'file:/C:/Users/yurok/IdeaProjects/Task1Kunitski/data/serialization/equipment_schem.xsd', because 1) could not find the document; 2) the document could not be read; 3) the root element of the document is not <xsd:schema>.
2019-04-09 20:44:41 INFO  root:19 - false
2019-04-09 20:44:41 INFO  root:25 - equipmentHomeCotalog:
multicooker:firmName=Tefal, price=250.0, power=1000, working=true, volume=8.0, numbPrograms=22
tv:firmName=Panasonic, price=500.0, power=400, working=false, sizeDisplay=32, tvType=ZALA
kettle:firmName=Tefal, price=50.0, power=80, working=true, volume=1.8, minWaterLevel=0.3
microwave:firmName=Atlant, price=250.0, power=1500, working=false, volume=17.5, touchControl=true
computer:firmName=LG, price=1000.0, power=500, working=true, sizeDisplay=22, ram=1024
computer:firmName=Aser, price=500.0, power=300, working=true, sizeDisplay=18, ram=2048
tv:firmName=Sumsung, price=1200.0, power=800, working=true, sizeDisplay=52, tvType=VOKATV

2019-04-09 20:47:57 ERROR root:34 - src//xml_resource//equipment_doc.xml is not valid. schema_reference.4: Failed to read schema document 'file:/C:/Users/yurok/IdeaProjects/Task1Kunitski/data/serialization/equipment_schem.xsd', because 1) could not find the document; 2) the document could not be read; 3) the root element of the document is not <xsd:schema>.
2019-04-09 20:47:57 INFO  root:19 - false
2019-04-09 20:47:57 INFO  root:25 - equipmentHomeCotalog:
multicooker:firmName=Tefal, price=250.0, power=1000, working=true, volume=8.0, numbPrograms=22
tv:firmName=Panasonic, price=500.0, power=400, working=false, sizeDisplay=32, tvType=ZALA
kettle:firmName=Tefal, price=50.0, power=80, working=true, volume=1.8, minWaterLevel=0.3
microwave:firmName=Atlant, price=250.0, power=1500, working=false, volume=17.5, touchControl=true
computer:firmName=LG, price=1000.0, power=500, working=true, sizeDisplay=22, ram=1024
computer:firmName=Aser, price=500.0, power=300, working=true, sizeDisplay=18, ram=2048
tv:firmName=Sumsung, price=1200.0, power=800, working=true, sizeDisplay=52, tvType=VOKATV

2019-04-09 20:52:44 ERROR root:34 - src//xml_resource//equipment_doc.xml is not valid. schema_reference.4: Failed to read schema document 'file:/C:/Users/yurok/IdeaProjects/Task1Kunitski/data/serialization/equipment_schem.xsd', because 1) could not find the document; 2) the document could not be read; 3) the root element of the document is not <xsd:schema>.
2019-04-09 20:52:44 INFO  root:19 - false
2019-04-09 20:52:44 INFO  root:25 - equipmentHomeCotalog:
multicooker:firmName=Tefal, price=250.0, power=1000, working=true, volume=8.0, numbPrograms=22
tv:firmName=Panasonic, price=500.0, power=400, working=false, sizeDisplay=32, tvType=ZALA
kettle:firmName=Tefal, price=50.0, power=80, working=true, volume=1.8, minWaterLevel=0.3
microwave:firmName=Atlant, price=250.0, power=1500, working=false, volume=17.5, touchControl=true
computer:firmName=LG, price=1000.0, power=500, working=true, sizeDisplay=22, ram=1024
computer:firmName=Aser, price=500.0, power=300, working=true, sizeDisplay=18, ram=2048
tv:firmName=Sumsung, price=1200.0, power=800, working=true, sizeDisplay=52, tvType=VOKATV

2019-04-09 21:12:53 ERROR root:34 - src//xml_resource//equipment_doc.xml is not valid. schema_reference.4: Failed to read schema document 'file:/C:/Users/yurok/IdeaProjects/Task1Kunitski/data/serialization/equipment_schem.xsd', because 1) could not find the document; 2) the document could not be read; 3) the root element of the document is not <xsd:schema>.
2019-04-09 21:12:53 INFO  root:19 - false
2019-04-09 21:12:53 INFO  root:25 - equipmentHomeCotalog:
multicooker:firmName=Tefal, price=250.0, power=1000, working=true, volume=8.0, numbPrograms=22
tv:firmName=Panasonic, price=500.0, power=400, working=false, sizeDisplay=32, tvType=ZALA
kettle:firmName=Tefal, price=50.0, power=80, working=true, volume=1.8, minWaterLevel=0.3
microwave:firmName=Atlant, price=250.0, power=1500, working=false, volume=17.5, touchControl=true
computer:firmName=LG, price=1000.0, power=500, working=true, sizeDisplay=22, ram=1024
computer:firmName=Aser, price=500.0, power=300, working=true, sizeDisplay=18, ram=2048
tv:firmName=Sumsung, price=1200.0, power=800, working=true, sizeDisplay=52, tvType=VOKATV

2019-04-09 22:17:11 ERROR root:34 - src//xml_resource//equipment_doc.xml is not valid. schema_reference.4: Failed to read schema document 'file:/C:/Users/yurok/IdeaProjects/Task1Kunitski/data/serialization/equipment_schem.xsd', because 1) could not find the document; 2) the document could not be read; 3) the root element of the document is not <xsd:schema>.
2019-04-09 22:17:11 INFO  root:19 - false
2019-04-09 22:17:12 INFO  root:25 - equipmentHomeCotalog:
multicooker:firmName=Tefal, price=250.0, power=1000, working=true, volume=8.0, numbPrograms=22
tv:firmName=Panasonic, price=500.0, power=400, working=false, sizeDisplay=32, tvType=ZALA
kettle:firmName=Tefal, price=50.0, power=80, working=true, volume=1.8, minWaterLevel=0.3
microwave:firmName=Atlant, price=250.0, power=1500, working=false, volume=17.5, touchControl=true
computer:firmName=LG, price=1000.0, power=500, working=true, sizeDisplay=22, ram=1024
computer:firmName=Aser, price=500.0, power=300, working=true, sizeDisplay=18, ram=2048
tv:firmName=Sumsung, price=1200.0, power=800, working=true, sizeDisplay=52, tvType=VOKATV

2019-04-09 22:23:18 INFO  root:29 - src//xmlresource//equipmentdoc.xml is valid and may be parsed.
2019-04-09 22:23:18 INFO  root:19 - true
2019-04-09 22:23:19 INFO  root:25 - equipmentHomeCotalog:
multicooker:firmName=Tefal, price=250.0, power=1000, working=true, volume=8.0, numbPrograms=22
tv:firmName=Sumsung, price=1200.0, power=800, working=true, sizeDisplay=52, tvType=VOKATV
kettle:firmName=Tefal, price=50.0, power=80, working=true, volume=1.8, minWaterLevel=0.3
microwave:firmName=Atlant, price=250.0, power=1500, working=false, volume=17.5, touchControl=true
computer:firmName=LG, price=1000.0, power=500, working=true, sizeDisplay=22, ram=1024
computer:firmName=Aser, price=500.0, power=300, working=true, sizeDisplay=18, ram=2048
tv:firmName=Panasonic, price=500.0, power=400, working=false, sizeDisplay=32, tvType=ZALA

